[debug] [2023-09-06T00:30:04.663Z] ----------------------------------------------------------------------
[debug] [2023-09-06T00:30:04.667Z] Command:       C:\Program Files\nodejs\node.exe C:\Users\sulta\AppData\Roaming\npm\node_modules\firebase-tools\lib\bin\firebase.js init
[debug] [2023-09-06T00:30:04.668Z] CLI Version:   12.5.2
[debug] [2023-09-06T00:30:04.668Z] Platform:      win32
[debug] [2023-09-06T00:30:04.668Z] Node Version:  v20.5.0
[debug] [2023-09-06T00:30:04.668Z] Time:          Wed Sep 06 2023 05:30:04 GMT+0500 (Pakistan Standard Time)
[debug] [2023-09-06T00:30:04.669Z] ----------------------------------------------------------------------
[debug] 
[debug] [2023-09-06T00:30:04.772Z] > command requires scopes: ["email","openid","https://www.googleapis.com/auth/cloudplatformprojects.readonly","https://www.googleapis.com/auth/firebase","https://www.googleapis.com/auth/cloud-platform"]
[debug] [2023-09-06T00:30:04.772Z] > authorizing via signed-in user (aipectowner@gmail.com)
[info] 
     ######## #### ########  ######## ########     ###     ######  ########
     ##        ##  ##     ## ##       ##     ##  ##   ##  ##       ##
     ######    ##  ########  ######   ########  #########  ######  ######
     ##        ##  ##    ##  ##       ##     ## ##     ##       ## ##
     ##       #### ##     ## ######## ########  ##     ##  ######  ########

You're about to initialize a Firebase project in this directory:

  F:\GitHub\React-Weather-App

Before we get started, keep in mind:

  * You are initializing within an existing Firebase project directory

[info] 
=== Project Setup
[info] 
[info] First, let's associate this project directory with a Firebase project.
[info] You can create multiple project aliases by running firebase use --add, 
[info] but for now we'll just set up a default project.
[info] 
[debug] [2023-09-06T00:30:19.183Z] Using project from CLI flag: react-state-64fd0
[debug] [2023-09-06T00:30:19.187Z] >>> [apiv2][query] GET https://firebase.googleapis.com/v1beta1/projects/react-state-64fd0 [none]
[debug] [2023-09-06T00:30:19.892Z] <<< [apiv2][status] GET https://firebase.googleapis.com/v1beta1/projects/react-state-64fd0 200
[debug] [2023-09-06T00:30:19.892Z] <<< [apiv2][body] GET https://firebase.googleapis.com/v1beta1/projects/react-state-64fd0 {"projectId":"react-state-64fd0","projectNumber":"1001789721088","displayName":"react state","name":"projects/react-state-64fd0","resources":{"hostingSite":"react-state-64fd0"},"state":"ACTIVE","etag":"1_fd8dc327-bf75-4b7f-8ffc-9d9f90d58911"}
[info] i  Using project react-state-64fd0 (react state) 
[info] 
=== Hosting Setup
[info] 
[info] Your public directory is the folder (relative to your project directory) that
[info] will contain Hosting assets to be uploaded with firebase deploy. If you
[info] have a build process for your assets, use your build's output directory.
[info] 
